###########################################
# Sentaurus Visual T-2022.03-SP2.
# Tcl log file.
#------------------------------------------
# Date: Aug 01, 2025. 03:17:35.
# Version: 33.0.7745337 (0.7745337)
# Mode: Interactive (GUI).
# Mesa: enabled.
# Hostname: iiitdwd.ac.in.
# Machine: Linux, x86_64, x86_64.
# Kernel: 4.18.0-553.el8_10.x86_64.
###########################################

load_file /home/iiitdwd/test/p_sweep__0001_des.tdr -fod
create_plot -dataset p_sweep__0001_des
select_plots {Plot_p_sweep__0001_des}
#-> Plot_p_sweep__0001_des
#-> Plot_p_sweep__0001_des
#-> p_sweep__0001_des
load_file /home/iiitdwd/test/p_sweep__0002_des.tdr -fod
create_plot -dataset p_sweep__0002_des
select_plots {Plot_p_sweep__0002_des}
#-> Plot_p_sweep__0002_des
#-> Plot_p_sweep__0002_des
#-> p_sweep__0002_des
load_file /home/iiitdwd/test/p_sweep__0003_des.tdr -fod
create_plot -dataset p_sweep__0003_des
select_plots {Plot_p_sweep__0003_des}
#-> Plot_p_sweep__0003_des
#-> Plot_p_sweep__0003_des
#-> p_sweep__0003_des
load_file /home/iiitdwd/test/p_sweep__0004_des.tdr -fod
create_plot -dataset p_sweep__0004_des
select_plots {Plot_p_sweep__0004_des}
#-> Plot_p_sweep__0004_des
#-> Plot_p_sweep__0004_des
#-> p_sweep__0004_des
load_file /home/iiitdwd/test/p_sweep__0005_des.tdr -fod
create_plot -dataset p_sweep__0005_des
select_plots {Plot_p_sweep__0005_des}
#-> Plot_p_sweep__0005_des
#-> Plot_p_sweep__0005_des
#-> p_sweep__0005_des
load_file /home/iiitdwd/test/p_sweep__0000_des.tdr -fod
create_plot -dataset p_sweep__0000_des
select_plots {Plot_p_sweep__0000_des}
#-> Plot_p_sweep__0000_des
#-> Plot_p_sweep__0000_des
#-> p_sweep__0000_des
select_plots {Plot_p_sweep__0001_des}
#-> Plot_p_sweep__0001_des
select_plots {Plot_p_sweep__0000_des}
#-> Plot_p_sweep__0000_des
link_plots {Plot_p_sweep__0000_des} -special {move plot_prop axes_prop legend_prop cuts field_sel field_prop matreg blanking plot_mode deformation}
#!-> Error: Plots 'Plot_p_sweep__0000_des' could not be linked.
select_plots {Plot_p_sweep__0001_des}
#-> Plot_p_sweep__0001_des
set_field_prop ConductionBandEnergy -plot Plot_p_sweep__0001_des -geom p_sweep__0001_des -show_bands
#-> 0
select_plots {Plot_p_sweep__0002_des}
#-> Plot_p_sweep__0002_des
set_field_prop ConductionBandEnergy -plot Plot_p_sweep__0002_des -geom p_sweep__0002_des -show_bands
#-> 0
select_plots {Plot_p_sweep__0003_des}
#-> Plot_p_sweep__0003_des
set_field_prop ConductionBandEnergy -plot Plot_p_sweep__0003_des -geom p_sweep__0003_des -show_bands
#-> 0
select_plots {Plot_p_sweep__0004_des}
#-> Plot_p_sweep__0004_des
set_field_prop ConductionBandEnergy -plot Plot_p_sweep__0004_des -geom p_sweep__0004_des -show_bands
#-> 0
select_plots {Plot_p_sweep__0005_des}
#-> Plot_p_sweep__0005_des
set_field_prop ConductionBandEnergy -plot Plot_p_sweep__0005_des -geom p_sweep__0005_des -show_bands
#-> 0
select_plots {Plot_p_sweep__0000_des}
#-> Plot_p_sweep__0000_des
set_field_prop ConductionBandEnergy -plot Plot_p_sweep__0000_des -geom p_sweep__0000_des -show_bands
#-> 0
select_plots {Plot_p_sweep__0001_des}
#-> Plot_p_sweep__0001_des
create_cutline -plot Plot_p_sweep__0001_des -type y -at 0.049969
#-> C1(p_sweep__0001_des)
create_plot -dataset C1(p_sweep__0001_des) -1d
select_plots {Plot_C1(p_sweep__0001_des)}
#-> Plot_C1(p_sweep__0001_des)
#-> Plot_C1(p_sweep__0001_des)
create_curve -axisX X -axisY ConductionBandEnergy -dataset {C1(p_sweep__0001_des)} -plot Plot_C1(p_sweep__0001_des)
#-> Curve_1
set_axis_prop -plot Plot_C1(p_sweep__0001_des) -axis x -range {-0.002 0.202}
#-> 0
select_plots {Plot_p_sweep__0002_des}
#-> Plot_p_sweep__0002_des
create_cutline -plot Plot_p_sweep__0002_des -type y -at 0.0499496
#-> C1(p_sweep__0002_des)
create_curve -axisX X -axisY ConductionBandEnergy -dataset {C1(p_sweep__0002_des)} -plot Plot_C1(p_sweep__0001_des)
#-> Curve_2
set_axis_prop -plot Plot_C1(p_sweep__0001_des) -axis x -range {-0.002 0.202}
#-> 0
select_plots {Plot_p_sweep__0003_des}
#-> Plot_p_sweep__0003_des
create_cutline -plot Plot_p_sweep__0003_des -type y -at 0.0469282
#-> C1(p_sweep__0003_des)
create_curve -axisX X -axisY ConductionBandEnergy -dataset {C1(p_sweep__0003_des)} -plot Plot_C1(p_sweep__0001_des)
#-> Curve_3
set_axis_prop -plot Plot_C1(p_sweep__0001_des) -axis x -range {-0.002 0.202}
#-> 0
select_plots {Plot_p_sweep__0004_des}
#-> Plot_p_sweep__0004_des
create_cutline -plot Plot_p_sweep__0004_des -type y -at 0.0368566
#-> C1(p_sweep__0004_des)
create_curve -axisX X -axisY ConductionBandEnergy -dataset {C1(p_sweep__0004_des)} -plot Plot_C1(p_sweep__0001_des)
#-> Curve_4
set_axis_prop -plot Plot_C1(p_sweep__0001_des) -axis x -range {-0.002 0.202}
#-> 0
select_plots {Plot_p_sweep__0005_des}
#-> Plot_p_sweep__0005_des
create_cutline -plot Plot_p_sweep__0005_des -type y -at 0.05
#-> C1(p_sweep__0005_des)
create_curve -axisX X -axisY ConductionBandEnergy -dataset {C1(p_sweep__0005_des)} -plot Plot_C1(p_sweep__0001_des)
#-> Curve_5
set_axis_prop -plot Plot_C1(p_sweep__0001_des) -axis x -range {-0.002 0.202}
#-> 0
select_plots {Plot_p_sweep__0000_des}
#-> Plot_p_sweep__0000_des
create_cutline -plot Plot_p_sweep__0000_des -type y -at 0.0559926
#-> C1(p_sweep__0000_des)
create_curve -axisX X -axisY ConductionBandEnergy -dataset {C1(p_sweep__0000_des)} -plot Plot_C1(p_sweep__0001_des)
#-> Curve_6
set_axis_prop -plot Plot_C1(p_sweep__0001_des) -axis x -range {-0.002 0.202}
#-> 0
select_plots {Plot_C1(p_sweep__0001_des)}
#-> Plot_C1(p_sweep__0001_des)
set_legend_prop -plot Plot_C1(p_sweep__0001_des) -position {0.226966 -0.196911}
#-> 0
move_plot -plot Plot_C1(p_sweep__0001_des) -position {0 0}
#-> 0
zoom_plot -plot Plot_C1(p_sweep__0001_des) -reset
zoom_plot -plot Plot_C1(p_sweep__0001_des) -reset
move_plot -plot Plot_C1(p_sweep__0001_des) -position {0 0}
#-> 0
set_band_diagram {Plot_C1(p_sweep__0001_des)}
#-> 0
windows_style -style max
#-> 0
